{"numFailedTestSuites":0,"numFailedTests":0,"numPassedTestSuites":89,"numPassedTests":701,"numPendingTestSuites":0,"numPendingTests":0,"numRuntimeErrorTestSuites":0,"numTodoTests":0,"numTotalTestSuites":89,"numTotalTests":701,"openHandles":[],"snapshot":{"added":0,"didUpdate":false,"failure":false,"filesAdded":0,"filesRemoved":0,"filesRemovedList":[],"filesUnmatched":0,"filesUpdated":0,"matched":0,"total":0,"unchecked":0,"uncheckedKeysByFile":[],"unmatched":0,"updated":0},"startTime":1787411268026,"success":true,"testResults":[{"assertionResults":[{"ancestorTitles":["Platform readiness endpoint"],"duration":23,"failureDetails":[],"failureMessages":[],"fullName":"Platform readiness endpoint returns readiness diagnostics for GET /ready","invocations":1,"location":null,"numPassingAsserts":3,"retryReasons":[],"status":"passed","title":"returns readiness diagnostics for GET /ready"}],"endTime":1787411272946,"message":"","name":"D:\\DEVELOPMENT\\gct-core\\tests\\integration\\platform\\readiness.test.ts","startTime":1787411268374,"status":"passed","summary":""},{"assertionResults":[{"ancestorTitles":["CanonicalReservationPrismaRepository"],"duration":2,"failureDetails":[],"failureMessages":[],"fullName":"CanonicalReservationPrismaRepository persists canonical reservation state through the Reservation root","invocations":1,"location":null,"numPassingAsserts":3,"retryReasons":[],"status":"passed","title":"persists canonical reservation state through the Reservation root"},{"ancestorTitles":["CanonicalReservationPrismaRepository"],"duration":2,"failureDetails":[],"failureMessages":[],"fullName":"CanonicalReservationPrismaRepository persists and reconstructs a canonical reservation round-trip","invocations":1,"location":null,"numPassingAsserts":11,"retryReasons":[],"status":"passed","title":"persists and reconstructs a canonical reservation round-trip"},{"ancestorTitles":["CanonicalReservationPrismaRepository"],"duration":2,"failureDetails":[],"failureMessages":[],"fullName":"CanonicalReservationPrismaRepository preserves all six canonical lifecycle values","invocations":1,"location":null,"numPassingAsserts":6,"retryReasons":[],"status":"passed","title":"preserves all six canonical lifecycle values"},{"ancestorTitles":["CanonicalReservationPrismaRepository"],"duration":4,"failureDetails":[],"failureMessages":[],"fullName":"CanonicalReservationPrismaRepository retrieves by reservation number and filters by traveller and journey","invocations":1,"location":null,"numPassingAsserts":3,"retryReasons":[],"status":"passed","title":"retrieves by reservation number and filters by traveller and journey"},{"ancestorTitles":["CanonicalReservationPrismaRepository"],"duration":25,"failureDetails":[],"failureMessages":[],"fullName":"CanonicalReservationPrismaRepository fails when required persistence context is missing or invalid","invocations":1,"location":null,"numPassingAsserts":2,"retryReasons":[],"status":"passed","title":"fails when required persistence context is missing or invalid"},{"ancestorTitles":["CanonicalReservationPrismaRepository"],"duration":1,"failureDetails":[],"failureMessages":[],"fullName":"CanonicalReservationPrismaRepository fails closed for invalid lifecycle reconstruction","invocations":1,"location":null,"numPassingAsserts":1,"retryReasons":[],"status":"passed","title":"fails closed for invalid lifecycle reconstruction"},{"ancestorTitles":["CanonicalReservationPrismaRepository"],"duration":1,"failureDetails":[],"failureMessages":[],"fullName":"CanonicalReservationPrismaRepository fails on reservation-number uniqueness conflicts","invocations":1,"location":null,"numPassingAsserts":1,"retryReasons":[],"status":"passed","title":"fails on reservation-number uniqueness conflicts"},{"ancestorTitles":["CanonicalReservationPrismaRepository"],"duration":1,"failureDetails":[],"failureMessages":[],"fullName":"CanonicalReservationPrismaRepository keeps transactional boundary when persistence fails","invocations":1,"location":null,"numPassingAsserts":2,"retryReasons":[],"status":"passed","title":"keeps transactional boundary when persistence fails"}],"endTime":1787411273130,"message":"","name":"D:\\DEVELOPMENT\\gct-core\\src\\infrastructure\\persistence\\repositories\\canonical-reservation-prisma.repository.test.ts","startTime":1787411272964,"status":"passed","summary":""},{"assertionResults":[{"ancestorTitles":["AccommodationCompositionAdapter"],"duration":2,"failureDetails":[],"failureMessages":[],"fullName":"AccommodationCompositionAdapter orchestrates canonical accommodation services and transforms to journey accommodations","invocations":1,"location":null,"numPassingAsserts":7,"retryReasons":[],"status":"passed","title":"orchestrates canonical accommodation services and transforms to journey accommodations"},{"ancestorTitles":["AccommodationCompositionAdapter"],"duration":1,"failureDetails":[],"failureMessages":[],"fullName":"AccommodationCompositionAdapter returns immutable canonical collections","invocations":1,"location":null,"numPassingAsserts":2,"retryReasons":[],"status":"passed","title":"returns immutable canonical collections"},{"ancestorTitles":["AccommodationCompositionAdapter"],"duration":1,"failureDetails":[],"failureMessages":[],"fullName":"AccommodationCompositionAdapter preserves stop context, room/rate hierarchy, occupancy and supplier references","invocations":1,"location":null,"numPassingAsserts":4,"retryReasons":[],"status":"passed","title":"preserves stop context, room/rate hierarchy, occupancy and supplier references"},{"ancestorTitles":["AccommodationCompositionAdapter"],"duration":17,"failureDetails":[],"failureMessages":[],"fullName":"AccommodationCompositionAdapter validates Property -> Room -> Rate selection and projects downstream inputs","invocations":1,"location":null,"numPassingAsserts":5,"retryReasons":[],"status":"passed","title":"validates Property -> Room -> Rate selection and projects downstream inputs"},{"ancestorTitles":["AccommodationCompositionAdapter"],"duration":1,"failureDetails":[],"failureMessages":[],"fullName":"AccommodationCompositionAdapter isolates downstream service failures and composes when sufficient data exists","invocations":1,"location":null,"numPassingAsserts":2,"retryReasons":[],"status":"passed","title":"isolates downstream service failures and composes when sufficient data exists"},{"ancestorTitles":["AccommodationCompositionAdapter"],"duration":0,"failureDetails":[],"failureMessages":[],"fullName":"AccommodationCompositionAdapter filters out accommodations without sufficient availability or rate data","invocations":1,"location":null,"numPassingAsserts":1,"retryReasons":[],"status":"passed","title":"filters out accommodations without sufficient availability or rate data"},{"ancestorTitles":["AccommodationCompositionAdapter"],"duration":0,"failureDetails":[],"failureMessages":[],"fullName":"AccommodationCompositionAdapter returns empty result when discovery fails","invocations":1,"location":null,"numPassingAsserts":1,"retryReasons":[],"status":"passed","title":"returns empty result when discovery fails"},{"ancestorTitles":["AccommodationCompositionAdapter"],"duration":1,"failureDetails":[],"failureMessages":[],"fullName":"AccommodationCompositionAdapter exposes compile-safe canonical contracts","invocations":1,"location":null,"numPassingAsserts":1,"retryReasons":[],"status":"passed","title":"exposes compile-safe canonical contracts"}],"endTime":1787411273338,"message":"","name":"D:\\DEVELOPMENT\\gct-core\\src\\application\\journeys\\composition\\accommodation\\accommodation-composition.test.ts","startTime":1787411273137,"status":"passed","summary":""},{"assertionResults":[{"ancestorTitles":["PayFast gateway integration"],"duration":1,"failureDetails":[],"failureMessages":[],"fullName":"PayFast gateway integration loads sandbox configuration from environment","invocations":1,"location":null,"numPassingAsserts":3,"retryReasons":[],"status":"passed","title":"loads sandbox configuration from environment"},{"ancestorTitles":["PayFast gateway integration"],"duration":1,"failureDetails":[],"failureMessages":[],"fullName":"PayFast gateway integration creates a custom payment signature that matches PayFast rules","invocations":1,"location":null,"numPassingAsserts":3,"retryReasons":[],"status":"passed","title":"creates a custom payment signature that matches PayFast rules"},{"ancestorTitles":["PayFast gateway integration"],"duration":13,"failureDetails":[],"failureMessages":[],"fullName":"PayFast gateway integration verifies a valid PayFast ITN signature","invocations":1,"location":null,"numPassingAsserts":2,"retryReasons":[],"status":"passed","title":"verifies a valid PayFast ITN signature"},{"ancestorTitles":["PayFast gateway integration"],"duration":1,"failureDetails":[],"failureMessages":[],"fullName":"PayFast gateway integration maps a provider request into a provider result without leaking PayFast data into the app contract","invocations":1,"location":null,"numPassingAsserts":5,"retryReasons":[],"status":"passed","title":"maps a provider request into a provider result without leaking PayFast data into the app contract"},{"ancestorTitles":["PayFast gateway integration"],"duration":0,"failureDetails":[],"failureMessages":[],"fullName":"PayFast gateway integration creates PayFast API signatures for transaction queries and refund operations","invocations":1,"location":null,"numPassingAsserts":3,"retryReasons":[],"status":"passed","title":"creates PayFast API signatures for transaction queries and refund operations"},{"ancestorTitles":["PayFast gateway integration"],"duration":1,"failureDetails":[],"failureMessages":[],"fullName":"PayFast gateway integration maps an unknown PayFast transaction status to a failed canonical result","invocations":1,"location":null,"numPassingAsserts":3,"retryReasons":[],"status":"passed","title":"maps an unknown PayFast transaction status to a failed canonical result"},{"ancestorTitles":["PayFast gateway integration"],"duration":1,"failureDetails":[],"failureMessages":[],"fullName":"PayFast gateway integration supports refund eligibility checks and full refund execution","invocations":1,"location":null,"numPassingAsserts":3,"retryReasons":[],"status":"passed","title":"supports refund eligibility checks and full refund execution"}],"endTime":1787411273774,"message":"","name":"D:\\DEVELOPMENT\\gct-core\\src\\infrastructure\\payments\\payfast\\payfast-gateway.test.ts","startTime":1787411273342,"status":"passed","summary":""},{"assertionResults":[{"ancestorTitles":["PricingCalculatorRegistry"],"duration":1,"failureDetails":[],"failureMessages":[],"fullName":"PricingCalculatorRegistry registers and resolves calculators","invocations":1,"location":null,"numPassingAsserts":4,"retryReasons":[],"status":"passed","title":"registers and resolves calculators"},{"ancestorTitles":["PricingCalculatorRegistry"],"duration":12,"failureDetails":[],"failureMessages":[],"fullName":"PricingCalculatorRegistry rejects duplicate registration","invocations":1,"location":null,"numPassingAsserts":1,"retryReasons":[],"status":"passed","title":"rejects duplicate registration"},{"ancestorTitles":["PricingCalculatorRegistry"],"duration":0,"failureDetails":[],"failureMessages":[],"fullName":"PricingCalculatorRegistry unregisters calculators","invocations":1,"location":null,"numPassingAsserts":3,"retryReasons":[],"status":"passed","title":"unregisters calculators"},{"ancestorTitles":["PricingCalculatorRegistry"],"duration":1,"failureDetails":[],"failureMessages":[],"fullName":"PricingCalculatorRegistry orders calculators deterministically and returns immutable collections","invocations":1,"location":null,"numPassingAsserts":3,"retryReasons":[],"status":"passed","title":"orders calculators deterministically and returns immutable collections"},{"ancestorTitles":["PricingCalculatorPipeline"],"duration":2,"failureDetails":[],"failureMessages":[],"fullName":"PricingCalculatorPipeline executes calculators in deterministic stage/priority order","invocations":1,"location":null,"numPassingAsserts":3,"retryReasons":[],"status":"passed","title":"executes calculators in deterministic stage/priority order"},{"ancestorTitles":["PricingCalculatorPipeline"],"duration":1,"failureDetails":[],"failureMessages":[],"fullName":"PricingCalculatorPipeline propagates immutable context and aggregates immutable results","invocations":1,"location":null,"numPassingAsserts":7,"retryReasons":[],"status":"passed","title":"propagates immutable context and aggregates immutable results"},{"ancestorTitles":["PricingCalculatorPipeline"],"duration":1,"failureDetails":[],"failureMessages":[],"fullName":"PricingCalculatorPipeline supports constructor injection","invocations":1,"location":null,"numPassingAsserts":1,"retryReasons":[],"status":"passed","title":"supports constructor injection"},{"ancestorTitles":["Pricing calculator contracts"],"duration":0,"failureDetails":[],"failureMessages":[],"fullName":"Pricing calculator contracts provides compile-safe family contracts","invocations":1,"location":null,"numPassingAsserts":8,"retryReasons":[],"status":"passed","title":"provides compile-safe family contracts"},{"ancestorTitles":["Pricing calculator contracts"],"duration":0,"failureDetails":[],"failureMessages":[],"fullName":"Pricing calculator contracts creates immutable context and immutable result contracts","invocations":1,"location":null,"numPassingAsserts":9,"retryReasons":[],"status":"passed","title":"creates immutable context and immutable result contracts"}],"endTime":1787411274162,"message":"","name":"D:\\DEVELOPMENT\\gct-core\\src\\application\\pricing\\calculators\\pricing-calculators.test.ts","startTime":1787411273778,"status":"passed","summary":""},{"assertionResults":[{"ancestorTitles":["APP-008.3-R4 Hotelbeds availability transport execution"],"duration":58,"failureDetails":[],"failureMessages":[],"fullName":"APP-008.3-R4 Hotelbeds availability transport execution executes deterministic multi-batch requests via explicit provider availability operation","invocations":1,"location":null,"numPassingAsserts":5,"retryReasons":[],"status":"passed","title":"executes deterministic multi-batch requests via explicit provider availability operation"},{"ancestorTitles":["APP-008.3-R4 Hotelbeds availability transport execution"],"duration":1,"failureDetails":[],"failureMessages":[],"fullName":"APP-008.3-R4 Hotelbeds availability transport execution returns an empty response set for an empty request collection","invocations":1,"location":null,"numPassingAsserts":1,"retryReasons":[],"status":"passed","title":"returns an empty response set for an empty request collection"},{"ancestorTitles":["APP-008.3-R4 Hotelbeds availability transport execution"],"duration":1,"failureDetails":[],"failureMessages":[],"fullName":"APP-008.3-R4 Hotelbeds availability transport execution sends API-key, X-Signature and explicit gzip support headers","invocations":1,"location":null,"numPassingAsserts":4,"retryReasons":[],"status":"passed","title":"sends API-key, X-Signature and explicit gzip support headers"},{"ancestorTitles":["APP-008.3-R4 Hotelbeds availability transport execution"],"duration":62,"failureDetails":[],"failureMessages":[],"fullName":"APP-008.3-R4 Hotelbeds availability transport execution retries retryable supplier failures and succeeds before exhaustion","invocations":1,"location":null,"numPassingAsserts":3,"retryReasons":[],"status":"passed","title":"retries retryable supplier failures and succeeds before exhaustion"},{"ancestorTitles":["APP-008.3-R4 Hotelbeds availability transport execution"],"duration":1,"failureDetails":[],"failureMessages":[],"fullName":"APP-008.3-R4 Hotelbeds availability transport execution stops on non-retryable supplier failures and preserves supplier error payload","invocations":1,"location":null,"numPassingAsserts":7,"retryReasons":[],"status":"passed","title":"stops on non-retryable supplier failures and preserves supplier error payload"},{"ancestorTitles":["APP-008.3-R4 Hotelbeds availability transport execution"],"duration":65,"failureDetails":[],"failureMessages":[],"fullName":"APP-008.3-R4 Hotelbeds availability transport execution exhausts retry attempts for retryable failures","invocations":1,"location":null,"numPassingAsserts":4,"retryReasons":[],"status":"passed","title":"exhausts retry attempts for retryable failures"},{"ancestorTitles":["APP-008.3-R4 Hotelbeds availability transport execution"],"duration":66,"failureDetails":[],"failureMessages":[],"fullName":"APP-008.3-R4 Hotelbeds availability transport execution preserves transport failure information and retries transient transport errors","invocations":1,"location":null,"numPassingAsserts":3,"retryReasons":[],"status":"passed","title":"preserves transport failure information and retries transient transport errors"},{"ancestorTitles":["APP-008.3-R4 Hotelbeds availability transport execution"],"duration":2,"failureDetails":[],"failureMessages":[],"fullName":"APP-008.3-R4 Hotelbeds availability transport execution does not retry non-retryable transport failures","invocations":1,"location":null,"numPassingAsserts":4,"retryReasons":[],"status":"passed","title":"does not retry non-retryable transport failures"},{"ancestorTitles":["APP-008.3-R4 Hotelbeds availability transport execution"],"duration":1,"failureDetails":[],"failureMessages":[],"fullName":"APP-008.3-R4 Hotelbeds availability transport execution marks invalid operation requests as non-retryable without invoking transport","invocations":1,"location":null,"numPassingAsserts":3,"retryReasons":[],"status":"passed","title":"marks invalid operation requests as non-retryable without invoking transport"},{"ancestorTitles":["APP-008.3-R4 Hotelbeds availability transport execution"],"duration":4,"failureDetails":[],"failureMessages":[],"fullName":"APP-008.3-R4 Hotelbeds availability transport execution decompresses explicit gzip transport responses","invocations":1,"location":null,"numPassingAsserts":2,"retryReasons":[],"status":"passed","title":"decompresses explicit gzip transport responses"},{"ancestorTitles":["APP-008.3-R4 Hotelbeds availability transport execution"],"duration":1,"failureDetails":[],"failureMessages":[],"fullName":"APP-008.3-R4 Hotelbeds availability transport execution passes mTLS material to HTTPS request options","invocations":1,"location":null,"numPassingAsserts":5,"retryReasons":[],"status":"passed","title":"passes mTLS material to HTTPS request options"},{"ancestorTitles":["APP-008.3-R4 Hotelbeds availability transport execution"],"duration":1,"failureDetails":[],"failureMessages":[],"fullName":"APP-008.3-R4 Hotelbeds availability transport execution fails for incomplete mTLS transport configuration","invocations":1,"location":null,"numPassingAsserts":1,"retryReasons":[],"status":"passed","title":"fails for incomplete mTLS transport configuration"},{"ancestorTitles":["APP-008.3-R4 Hotelbeds availability transport execution"],"duration":1,"failureDetails":[],"failureMessages":[],"fullName":"APP-008.3-R4 Hotelbeds availability transport execution preserves structured raw response boundaries","invocations":1,"location":null,"numPassingAsserts":6,"retryReasons":[],"status":"passed","title":"preserves structured raw response boundaries"},{"ancestorTitles":["APP-008.3-R4 Hotelbeds availability transport execution"],"duration":3,"failureDetails":[],"failureMessages":[],"fullName":"APP-008.3-R4 Hotelbeds availability transport execution applies configured QPS and concurrency protection before supplier execution","invocations":1,"location":null,"numPassingAsserts":4,"retryReasons":[],"status":"passed","title":"applies configured QPS and concurrency protection before supplier execution"},{"ancestorTitles":["APP-008.3-R4 Hotelbeds availability transport execution"],"duration":25,"failureDetails":[],"failureMessages":[],"fullName":"APP-008.3-R4 Hotelbeds availability transport execution preserves retry attempts behind supplier protection and rejects invalid resilience settings","invocations":1,"location":null,"numPassingAsserts":4,"retryReasons":[],"status":"passed","title":"preserves retry attempts behind supplier protection and rejects invalid resilience settings"}],"endTime":1787411274628,"message":"","name":"D:\\DEVELOPMENT\\gct-core\\src\\application\\accommodation\\providers\\hotelbeds\\hotelbeds-availability-transport-execution.test.ts","startTime":1787411274168,"status":"passed","summary":""},{"assertionResults":[{"ancestorTitles":["InvoiceIntegrationMapper"],"duration":3,"failureDetails":[],"failureMessages":[],"fullName":"InvoiceIntegrationMapper maps canonical invoice fields for external integration request","invocations":1,"location":null,"numPassingAsserts":10,"retryReasons":[],"status":"passed","title":"maps canonical invoice fields for external integration request"},{"ancestorTitles":["InvoiceAccountingGateway"],"duration":1,"failureDetails":[],"failureMessages":[],"fullName":"InvoiceAccountingGateway supports provider-independent accounting contract","invocations":1,"location":null,"numPassingAsserts":1,"retryReasons":[],"status":"passed","title":"supports provider-independent accounting contract"},{"ancestorTitles":["InvoiceIntegrationOrchestrator"],"duration":1,"failureDetails":[],"failureMessages":[],"fullName":"InvoiceIntegrationOrchestrator routes each operation to the corresponding gateway method","invocations":1,"location":null,"numPassingAsserts":1,"retryReasons":[],"status":"passed","title":"routes each operation to the corresponding gateway method"},{"ancestorTitles":["InvoiceIntegrationOrchestrator"],"duration":0,"failureDetails":[],"failureMessages":[],"fullName":"InvoiceIntegrationOrchestrator returns immutable successful result with external reference","invocations":1,"location":null,"numPassingAsserts":10,"retryReasons":[],"status":"passed","title":"returns immutable successful result with external reference"},{"ancestorTitles":["InvoiceIntegrationOrchestrator"],"duration":1,"failureDetails":[],"failureMessages":[],"fullName":"InvoiceIntegrationOrchestrator returns retryable failure and canonical error for provider timeout","invocations":1,"location":null,"numPassingAsserts":4,"retryReasons":[],"status":"passed","title":"returns retryable failure and canonical error for provider timeout"},{"ancestorTitles":["InvoiceIntegrationOrchestrator"],"duration":1,"failureDetails":[],"failureMessages":[],"fullName":"InvoiceIntegrationOrchestrator returns non-retryable failure when provider rejects operation","invocations":1,"location":null,"numPassingAsserts":4,"retryReasons":[],"status":"passed","title":"returns non-retryable failure when provider rejects operation"},{"ancestorTitles":["InvoiceIntegrationOrchestrator"],"duration":1,"failureDetails":[],"failureMessages":[],"fullName":"InvoiceIntegrationOrchestrator treats duplicate request as success when existing external reference is present","invocations":1,"location":null,"numPassingAsserts":4,"retryReasons":[],"status":"passed","title":"treats duplicate request as success when existing external reference is present"},{"ancestorTitles":["InvoiceIntegrationOrchestrator"],"duration":1,"failureDetails":[],"failureMessages":[],"fullName":"InvoiceIntegrationOrchestrator produces stable idempotency key for same operation identity","invocations":1,"location":null,"numPassingAsserts":3,"retryReasons":[],"status":"passed","title":"produces stable idempotency key for same operation identity"},{"ancestorTitles":["InvoiceIntegrationOrchestrator"],"duration":1,"failureDetails":[],"failureMessages":[],"fullName":"InvoiceIntegrationOrchestrator uses explicit idempotency key when provided","invocations":1,"location":null,"numPassingAsserts":1,"retryReasons":[],"status":"passed","title":"uses explicit idempotency key when provided"},{"ancestorTitles":["InvoiceIntegrationOrchestrator"],"duration":0,"failureDetails":[],"failureMessages":[],"fullName":"InvoiceIntegrationOrchestrator does not mutate canonical invoice aggregate","invocations":1,"location":null,"numPassingAsserts":2,"retryReasons":[],"status":"passed","title":"does not mutate canonical invoice aggregate"}],"endTime":1787411275063,"message":"","name":"D:\\DEVELOPMENT\\gct-core\\src\\application\\invoices\\invoice-integration.test.ts","startTime":1787411274633,"status":"passed","summary":""},{"assertionResults":[{"ancestorTitles":["Platform error handling"],"duration":86,"failureDetails":[],"failureMessages":[],"fullName":"Platform error handling returns Problem Details for unknown errors","invocations":1,"location":null,"numPassingAsserts":5,"retryReasons":[],"status":"passed","title":"returns Problem Details for unknown errors"},{"ancestorTitles":["Platform error handling"],"duration":4,"failureDetails":[],"failureMessages":[],"fullName":"Platform error handling returns Problem Details for ApiError instances","invocations":1,"location":null,"numPassingAsserts":5,"retryReasons":[],"status":"passed","title":"returns Problem Details for ApiError instances"},{"ancestorTitles":["Platform error handling"],"duration":6,"failureDetails":[],"failureMessages":[],"fullName":"Platform error handling returns Problem Details for 404 routes","invocations":1,"location":null,"numPassingAsserts":5,"retryReasons":[],"status":"passed","title":"returns Problem Details for 404 routes"}],"endTime":1787411275452,"message":"","name":"D:\\DEVELOPMENT\\gct-core\\tests\\integration\\platform\\errors.test.ts","startTime":1787411275069,"status":"passed","summary":""},{"assertionResults":[{"ancestorTitles":["Frontend placeholder page"],"duration":55,"failureDetails":[],"failureMessages":[],"fullName":"Frontend placeholder page renders the placeholder view shell with shared assets","invocations":1,"location":null,"numPassingAsserts":44,"retryReasons":[],"status":"passed","title":"renders the placeholder view shell with shared assets"}],"endTime":1787411275854,"message":"","name":"D:\\DEVELOPMENT\\gct-core\\tests\\integration\\frontend\\placeholder.test.ts","startTime":1787411275467,"status":"passed","summary":""},{"assertionResults":[{"ancestorTitles":["APP-008.1 Hotelbeds integration foundation","configuration"],"duration":2,"failureDetails":[],"failureMessages":[],"fullName":"APP-008.1 Hotelbeds integration foundation configuration loads valid configuration from environment variables","invocations":1,"location":null,"numPassingAsserts":5,"retryReasons":[],"status":"passed","title":"loads valid configuration from environment variables"},{"ancestorTitles":["APP-008.1 Hotelbeds integration foundation","configuration"],"duration":17,"failureDetails":[],"failureMessages":[],"fullName":"APP-008.1 Hotelbeds integration foundation configuration fails when api key is missing","invocations":1,"location":null,"numPassingAsserts":1,"retryReasons":[],"status":"passed","title":"fails when api key is missing"},{"ancestorTitles":["APP-008.1 Hotelbeds integration foundation","configuration"],"duration":1,"failureDetails":[],"failureMessages":[],"fullName":"APP-008.1 Hotelbeds integration foundation configuration fails when secret is missing","invocations":1,"location":null,"numPassingAsserts":1,"retryReasons":[],"status":"passed","title":"fails when secret is missing"},{"ancestorTitles":["APP-008.1 Hotelbeds integration foundation","configuration"],"duration":0,"failureDetails":[],"failureMessages":[],"fullName":"APP-008.1 Hotelbeds integration foundation configuration fails when base url is invalid","invocations":1,"location":null,"numPassingAsserts":1,"retryReasons":[],"status":"passed","title":"fails when base url is invalid"},{"ancestorTitles":["APP-008.1 Hotelbeds integration foundation","configuration"],"duration":1,"failureDetails":[],"failureMessages":[],"fullName":"APP-008.1 Hotelbeds integration foundation configuration fails when timeout is invalid","invocations":1,"location":null,"numPassingAsserts":1,"retryReasons":[],"status":"passed","title":"fails when timeout is invalid"},{"ancestorTitles":["APP-008.1 Hotelbeds integration foundation","configuration"],"duration":1,"failureDetails":[],"failureMessages":[],"fullName":"APP-008.1 Hotelbeds integration foundation configuration accepts certificate and private key without a trusted CA","invocations":1,"location":null,"numPassingAsserts":1,"retryReasons":[],"status":"passed","title":"accepts certificate and private key without a trusted CA"},{"ancestorTitles":["APP-008.1 Hotelbeds integration foundation","configuration"],"duration":0,"failureDetails":[],"failureMessages":[],"fullName":"APP-008.1 Hotelbeds integration foundation configuration accepts an unencrypted private key with a passphrase when Node accepts it","invocations":1,"location":null,"numPassingAsserts":1,"retryReasons":[],"status":"passed","title":"accepts an unencrypted private key with a passphrase when Node accepts it"},{"ancestorTitles":["APP-008.1 Hotelbeds integration foundation","configuration"],"duration":3,"failureDetails":[],"failureMessages":[],"fullName":"APP-008.1 Hotelbeds integration foundation configuration accepts an encrypted private key with the correct passphrase","invocations":1,"location":null,"numPassingAsserts":1,"retryReasons":[],"status":"passed","title":"accepts an encrypted private key with the correct passphrase"},{"ancestorTitles":["APP-008.1 Hotelbeds integration foundation","configuration"],"duration":1,"failureDetails":[],"failureMessages":[],"fullName":"APP-008.1 Hotelbeds integration foundation configuration rejects an encrypted private key with missing passphrase","invocations":1,"location":null,"numPassingAsserts":1,"retryReasons":[],"status":"passed","title":"rejects an encrypted private key with missing passphrase"},{"ancestorTitles":["APP-008.1 Hotelbeds integration foundation","configuration"],"duration":3,"failureDetails":[],"failureMessages":[],"fullName":"APP-008.1 Hotelbeds integration foundation configuration rejects an encrypted private key with incorrect passphrase","invocations":1,"location":null,"numPassingAsserts":1,"retryReasons":[],"status":"passed","title":"rejects an encrypted private key with incorrect passphrase"},{"ancestorTitles":["APP-008.1 Hotelbeds integration foundation","configuration"],"duration":1,"failureDetails":[],"failureMessages":[],"fullName":"APP-008.1 Hotelbeds integration foundation configuration rejects invalid private-key material","invocations":1,"location":null,"numPassingAsserts":1,"retryReasons":[],"status":"passed","title":"rejects invalid private-key material"},{"ancestorTitles":["APP-008.1 Hotelbeds integration foundation","configuration"],"duration":0,"failureDetails":[],"failureMessages":[],"fullName":"APP-008.1 Hotelbeds integration foundation configuration rejects a passphrase without a private key","invocations":1,"location":null,"numPassingAsserts":1,"retryReasons":[],"status":"passed","title":"rejects a passphrase without a private key"},{"ancestorTitles":["APP-008.1 Hotelbeds integration foundation","configuration"],"duration":1,"failureDetails":[],"failureMessages":[],"fullName":"APP-008.1 Hotelbeds integration foundation configuration fails safely for incomplete TLS configuration: HOTELBEDS_TLS_CLIENT_CERTIFICATE","invocations":1,"location":null,"numPassingAsserts":1,"retryReasons":[],"status":"passed","title":"fails safely for incomplete TLS configuration: HOTELBEDS_TLS_CLIENT_CERTIFICATE"},{"ancestorTitles":["APP-008.1 Hotelbeds integration foundation","configuration"],"duration":1,"failureDetails":[],"failureMessages":[],"fullName":"APP-008.1 Hotelbeds integration foundation configuration fails safely for incomplete TLS configuration: HOTELBEDS_TLS_PRIVATE_KEY","invocations":1,"location":null,"numPassingAsserts":1,"retryReasons":[],"status":"passed","title":"fails safely for incomplete TLS configuration: HOTELBEDS_TLS_PRIVATE_KEY"},{"ancestorTitles":["APP-008.1 Hotelbeds integration foundation","configuration"],"duration":0,"failureDetails":[],"failureMessages":[],"fullName":"APP-008.1 Hotelbeds integration foundation configuration fails safely for incomplete TLS configuration: HOTELBEDS_TLS_TRUSTED_CA","invocations":1,"location":null,"numPassingAsserts":1,"retryReasons":[],"status":"passed","title":"fails safely for incomplete TLS configuration: HOTELBEDS_TLS_TRUSTED_CA"},{"ancestorTitles":["APP-008.1 Hotelbeds integration foundation","configuration"],"duration":0,"failureDetails":[],"failureMessages":[],"fullName":"APP-008.1 Hotelbeds integration foundation configuration selects production environment by node environment","invocations":1,"location":null,"numPassingAsserts":2,"retryReasons":[],"status":"passed","title":"selects production environment by node environment"},{"ancestorTitles":["APP-008.1 Hotelbeds integration foundation","authentication"],"duration":0,"failureDetails":[],"failureMessages":[],"fullName":"APP-008.1 Hotelbeds integration foundation authentication generates deterministic signature for known input","invocations":1,"location":null,"numPassingAsserts":1,"retryReasons":[],"status":"passed","title":"generates deterministic signature for known input"},{"ancestorTitles":["APP-008.1 Hotelbeds integration foundation","authentication"],"duration":1,"failureDetails":[],"failureMessages":[],"fullName":"APP-008.1 Hotelbeds integration foundation authentication builds authentication headers with controlled timestamp and correlation","invocations":1,"location":null,"numPassingAsserts":5,"retryReasons":[],"status":"passed","title":"builds authentication headers with controlled timestamp and correlation"},{"ancestorTitles":["APP-008.1 Hotelbeds integration foundation","authentication"],"duration":0,"failureDetails":[],"failureMessages":[],"fullName":"APP-008.1 Hotelbeds integration foundation authentication changes signature when timestamp changes","invocations":1,"location":null,"numPassingAsserts":1,"retryReasons":[],"status":"passed","title":"changes signature when timestamp changes"},{"ancestorTitles":["APP-008.1 Hotelbeds integration foundation","transport"],"duration":0,"failureDetails":[],"failureMessages":[],"fullName":"APP-008.1 Hotelbeds integration foundation transport returns successful responses with parsed JSON payload","invocations":1,"location":null,"numPassingAsserts":3,"retryReasons":[],"status":"passed","title":"returns successful responses with parsed JSON payload"},{"ancestorTitles":["APP-008.1 Hotelbeds integration foundation","transport"],"duration":0,"failureDetails":[],"failureMessages":[],"fullName":"APP-008.1 Hotelbeds integration foundation transport returns 4xx and 5xx transport responses to be mapped by gateway","invocations":1,"location":null,"numPassingAsserts":2,"retryReasons":[],"status":"passed","title":"returns 4xx and 5xx transport responses to be mapped by gateway"},{"ancestorTitles":["APP-008.1 Hotelbeds integration foundation","transport"],"duration":1,"failureDetails":[],"failureMessages":[],"fullName":"APP-008.1 Hotelbeds integration foundation transport maps timeout failures","invocations":1,"location":null,"numPassingAsserts":1,"retryReasons":[],"status":"passed","title":"maps timeout failures"},{"ancestorTitles":["APP-008.1 Hotelbeds integration foundation","transport"],"duration":1,"failureDetails":[],"failureMessages":[],"fullName":"APP-008.1 Hotelbeds integration foundation transport maps network failures","invocations":1,"location":null,"numPassingAsserts":1,"retryReasons":[],"status":"passed","title":"maps network failures"},{"ancestorTitles":["APP-008.1 Hotelbeds integration foundation","transport"],"duration":0,"failureDetails":[],"failureMessages":[],"fullName":"APP-008.1 Hotelbeds integration foundation transport maps malformed response failures","invocations":1,"location":null,"numPassingAsserts":1,"retryReasons":[],"status":"passed","title":"maps malformed response failures"},{"ancestorTitles":["APP-008.1 Hotelbeds integration foundation","error mapping"],"duration":1,"failureDetails":[],"failureMessages":[],"fullName":"APP-008.1 Hotelbeds integration foundation error mapping maps authentication error from provider http status","invocations":1,"location":null,"numPassingAsserts":3,"retryReasons":[],"status":"passed","title":"maps authentication error from provider http status"},{"ancestorTitles":["APP-008.1 Hotelbeds integration foundation","error mapping"],"duration":0,"failureDetails":[],"failureMessages":[],"fullName":"APP-008.1 Hotelbeds integration foundation error mapping maps validation, not-found, rate-limit, timeout, provider, malformed response errors","invocations":1,"location":null,"numPassingAsserts":6,"retryReasons":[],"status":"passed","title":"maps validation, not-found, rate-limit, timeout, provider, malformed response errors"},{"ancestorTitles":["APP-008.1 Hotelbeds integration foundation","gateway"],"duration":1,"failureDetails":[],"failureMessages":[],"fullName":"APP-008.1 Hotelbeds integration foundation gateway returns successful provider call result","invocations":1,"location":null,"numPassingAsserts":7,"retryReasons":[],"status":"passed","title":"returns successful provider call result"},{"ancestorTitles":["APP-008.1 Hotelbeds integration foundation","gateway"],"duration":1,"failureDetails":[],"failureMessages":[],"fullName":"APP-008.1 Hotelbeds integration foundation gateway returns canonical provider failure for non-retryable and retryable responses","invocations":1,"location":null,"numPassingAsserts":6,"retryReasons":[],"status":"passed","title":"returns canonical provider failure for non-retryable and retryable responses"},{"ancestorTitles":["APP-008.1 Hotelbeds integration foundation","gateway"],"duration":1,"failureDetails":[],"failureMessages":[],"fullName":"APP-008.1 Hotelbeds integration foundation gateway returns malformed response error for unusable success payload","invocations":1,"location":null,"numPassingAsserts":3,"retryReasons":[],"status":"passed","title":"returns malformed response error for unusable success payload"},{"ancestorTitles":["APP-008.1 Hotelbeds integration foundation","gateway"],"duration":0,"failureDetails":[],"failureMessages":[],"fullName":"APP-008.1 Hotelbeds integration foundation gateway keeps credentials and signatures out of public result contracts","invocations":1,"location":null,"numPassingAsserts":3,"retryReasons":[],"status":"passed","title":"keeps credentials and signatures out of public result contracts"},{"ancestorTitles":["APP-008.1 Hotelbeds integration foundation","gateway"],"duration":0,"failureDetails":[],"failureMessages":[],"fullName":"APP-008.1 Hotelbeds integration foundation gateway returns immutable result objects","invocations":1,"location":null,"numPassingAsserts":3,"retryReasons":[],"status":"passed","title":"returns immutable result objects"}],"endTime":1787411276170,"message":"","name":"D:\\DEVELOPMENT\\gct-core\\src\\application\\accommodation\\providers\\hotelbeds\\hotelbeds-integration-foundation.test.ts","startTime":1787411275858,"status":"passed","summary":""},{"assertionResults":[{"ancestorTitles":["OpenAPI foundation"],"duration":8,"failureDetails":[],"failureMessages":[],"fullName":"OpenAPI foundation serves the OpenAPI document","invocations":1,"location":null,"numPassingAsserts":3,"retryReasons":[],"status":"passed","title":"serves the OpenAPI document"},{"ancestorTitles":["OpenAPI foundation"],"duration":3,"failureDetails":[],"failureMessages":[],"fullName":"OpenAPI foundation serves Swagger UI in development","invocations":1,"location":null,"numPassingAsserts":3,"retryReasons":[],"status":"passed","title":"serves Swagger UI in development"}],"endTime":1787411276578,"message":"","name":"D:\\DEVELOPMENT\\gct-core\\tests\\integration\\platform\\openapi.test.ts","startTime":1787411276174,"status":"passed","summary":""},{"assertionResults":[{"ancestorTitles":["Platform version endpoint"],"duration":5,"failureDetails":[],"failureMessages":[],"fullName":"Platform version endpoint returns version metadata for GET /version","invocations":1,"location":null,"numPassingAsserts":3,"retryReasons":[],"status":"passed","title":"returns version metadata for GET /version"}],"endTime":1787411276957,"message":"","name":"D:\\DEVELOPMENT\\gct-core\\tests\\integration\\platform\\version.test.ts","startTime":1787411276585,"status":"passed","summary":""},{"assertionResults":[{"ancestorTitles":["Platform routing"],"duration":5,"failureDetails":[],"failureMessages":[],"fullName":"Platform routing serves the root endpoint","invocations":1,"location":null,"numPassingAsserts":3,"retryReasons":[],"status":"passed","title":"serves the root endpoint"},{"ancestorTitles":["Platform routing"],"duration":4,"failureDetails":[],"failureMessages":[],"fullName":"Platform routing serves the API v1 entrypoint","invocations":1,"location":null,"numPassingAsserts":3,"retryReasons":[],"status":"passed","title":"serves the API v1 entrypoint"}],"endTime":1787411277317,"message":"","name":"D:\\DEVELOPMENT\\gct-core\\tests\\integration\\platform\\routing.test.ts","startTime":1787411276961,"status":"passed","summary":""},{"assertionResults":[{"ancestorTitles":["ReservationService"],"duration":1,"failureDetails":[],"failureMessages":[],"fullName":"ReservationService orchestrates validation, policy and builder in order","invocations":1,"location":null,"numPassingAsserts":3,"retryReasons":[],"status":"passed","title":"orchestrates validation, policy and builder in order"},{"ancestorTitles":["ReservationService"],"duration":1,"failureDetails":[],"failureMessages":[],"fullName":"ReservationService stops when validation fails","invocations":1,"location":null,"numPassingAsserts":3,"retryReasons":[],"status":"passed","title":"stops when validation fails"},{"ancestorTitles":["ReservationService"],"duration":1,"failureDetails":[],"failureMessages":[],"fullName":"ReservationService stops when policy denies reservation","invocations":1,"location":null,"numPassingAsserts":3,"retryReasons":[],"status":"passed","title":"stops when policy denies reservation"},{"ancestorTitles":["ReservationService"],"duration":1,"failureDetails":[],"failureMessages":[],"fullName":"ReservationService returns successful result when builder succeeds","invocations":1,"location":null,"numPassingAsserts":3,"retryReasons":[],"status":"passed","title":"returns successful result when builder succeeds"},{"ancestorTitles":["ReservationServiceContext"],"duration":1,"failureDetails":[],"failureMessages":[],"fullName":"ReservationServiceContext constructs immutable context and supports stage enrichment","invocations":1,"location":null,"numPassingAsserts":6,"retryReasons":[],"status":"passed","title":"constructs immutable context and supports stage enrichment"}],"endTime":1787411277554,"message":"","name":"D:\\DEVELOPMENT\\gct-core\\src\\application\\reservations\\service\\reservation-service.test.ts","startTime":1787411277322,"status":"passed","summary":""},{"assertionResults":[{"ancestorTitles":["Platform health endpoint"],"duration":5,"failureDetails":[],"failureMessages":[],"fullName":"Platform health endpoint returns health information for GET /health","invocations":1,"location":null,"numPassingAsserts":3,"retryReasons":[],"status":"passed","title":"returns health information for GET /health"}],"endTime":1787411278030,"message":"","name":"D:\\DEVELOPMENT\\gct-core\\tests\\integration\\platform\\health.test.ts","startTime":1787411277557,"status":"passed","summary":""},{"assertionResults":[{"ancestorTitles":["Hotelbeds live availability verification harness"],"duration":2,"failureDetails":[],"failureMessages":[],"fullName":"Hotelbeds live availability verification harness is disabled for undefined","invocations":1,"location":null,"numPassingAsserts":2,"retryReasons":[],"status":"passed","title":"is disabled for undefined"},{"ancestorTitles":["Hotelbeds live availability verification harness"],"duration":0,"failureDetails":[],"failureMessages":[],"fullName":"Hotelbeds live availability verification harness is disabled for \"\"","invocations":1,"location":null,"numPassingAsserts":2,"retryReasons":[],"status":"passed","title":"is disabled for \"\""},{"ancestorTitles":["Hotelbeds live availability verification harness"],"duration":0,"failureDetails":[],"failureMessages":[],"fullName":"Hotelbeds live availability verification harness is disabled for \"false\"","invocations":1,"location":null,"numPassingAsserts":2,"retryReasons":[],"status":"passed","title":"is disabled for \"false\""},{"ancestorTitles":["Hotelbeds live availability verification harness"],"duration":0,"failureDetails":[],"failureMessages":[],"fullName":"Hotelbeds live availability verification harness is disabled for \"0\"","invocations":1,"location":null,"numPassingAsserts":2,"retryReasons":[],"status":"passed","title":"is disabled for \"0\""},{"ancestorTitles":["Hotelbeds live availability verification harness"],"duration":1,"failureDetails":[],"failureMessages":[],"fullName":"Hotelbeds live availability verification harness accepts explicit enablement value true","invocations":1,"location":null,"numPassingAsserts":3,"retryReasons":[],"status":"passed","title":"accepts explicit enablement value true"},{"ancestorTitles":["Hotelbeds live availability verification harness"],"duration":0,"failureDetails":[],"failureMessages":[],"fullName":"Hotelbeds live availability verification harness accepts explicit enablement value 1","invocations":1,"location":null,"numPassingAsserts":3,"retryReasons":[],"status":"passed","title":"accepts explicit enablement value 1"},{"ancestorTitles":["Hotelbeds live availability verification harness"],"duration":16,"failureDetails":[],"failureMessages":[],"fullName":"Hotelbeds live availability verification harness fails closed for invalid enablement","invocations":1,"location":null,"numPassingAsserts":2,"retryReasons":[],"status":"passed","title":"fails closed for invalid enablement"},{"ancestorTitles":["Hotelbeds live availability verification harness"],"duration":1,"failureDetails":[],"failureMessages":[],"fullName":"Hotelbeds live availability verification harness validates live configuration before R7","invocations":1,"location":null,"numPassingAsserts":2,"retryReasons":[],"status":"passed","title":"validates live configuration before R7"},{"ancestorTitles":["Hotelbeds live availability verification harness"],"duration":1,"failureDetails":[],"failureMessages":[],"fullName":"Hotelbeds live availability verification harness rejects invalid HOTELBEDS_AVAILABILITY_LIVE_CHECK_IN","invocations":1,"location":null,"numPassingAsserts":1,"retryReasons":[],"status":"passed","title":"rejects invalid HOTELBEDS_AVAILABILITY_LIVE_CHECK_IN"},{"ancestorTitles":["Hotelbeds live availability verification harness"],"duration":0,"failureDetails":[],"failureMessages":[],"fullName":"Hotelbeds live availability verification harness rejects invalid HOTELBEDS_AVAILABILITY_LIVE_CHECK_OUT","invocations":1,"location":null,"numPassingAsserts":1,"retryReasons":[],"status":"passed","title":"rejects invalid HOTELBEDS_AVAILABILITY_LIVE_CHECK_OUT"},{"ancestorTitles":["Hotelbeds live availability verification harness"],"duration":0,"failureDetails":[],"failureMessages":[],"fullName":"Hotelbeds live availability verification harness rejects invalid HOTELBEDS_AVAILABILITY_LIVE_ADULTS","invocations":1,"location":null,"numPassingAsserts":1,"retryReasons":[],"status":"passed","title":"rejects invalid HOTELBEDS_AVAILABILITY_LIVE_ADULTS"},{"ancestorTitles":["Hotelbeds live availability verification harness"],"duration":1,"failureDetails":[],"failureMessages":[],"fullName":"Hotelbeds live availability verification harness rejects invalid HOTELBEDS_AVAILABILITY_LIVE_CHILDREN","invocations":1,"location":null,"numPassingAsserts":1,"retryReasons":[],"status":"passed","title":"rejects invalid HOTELBEDS_AVAILABILITY_LIVE_CHILDREN"},{"ancestorTitles":["Hotelbeds live availability verification harness"],"duration":0,"failureDetails":[],"failureMessages":[],"fullName":"Hotelbeds live availability verification harness rejects invalid HOTELBEDS_AVAILABILITY_LIVE_SOURCE_MARKET","invocations":1,"location":null,"numPassingAsserts":1,"retryReasons":[],"status":"passed","title":"rejects invalid HOTELBEDS_AVAILABILITY_LIVE_SOURCE_MARKET"},{"ancestorTitles":["Hotelbeds live availability verification harness"],"duration":1,"failureDetails":[],"failureMessages":[],"fullName":"Hotelbeds live availability verification harness requires child ages when children are configured","invocations":1,"location":null,"numPassingAsserts":1,"retryReasons":[],"status":"passed","title":"requires child ages when children are configured"},{"ancestorTitles":["Hotelbeds live availability verification harness"],"duration":0,"failureDetails":[],"failureMessages":[],"fullName":"Hotelbeds live availability verification harness accepts matching child ages","invocations":1,"location":null,"numPassingAsserts":1,"retryReasons":[],"status":"passed","title":"accepts matching child ages"},{"ancestorTitles":["Hotelbeds live availability verification harness"],"duration":0,"failureDetails":[],"failureMessages":[],"fullName":"Hotelbeds live availability verification harness parses, trims, deduplicates, and preserves multi-hotel order","invocations":1,"location":null,"numPassingAsserts":1,"retryReasons":[],"status":"passed","title":"parses, trims, deduplicates, and preserves multi-hotel order"},{"ancestorTitles":["Hotelbeds live availability verification harness"],"duration":1,"failureDetails":[],"failureMessages":[],"fullName":"Hotelbeds live availability verification harness rejects invalid hotel-code list 26976,,26996","invocations":1,"location":null,"numPassingAsserts":1,"retryReasons":[],"status":"passed","title":"rejects invalid hotel-code list 26976,,26996"},{"ancestorTitles":["Hotelbeds live availability verification harness"],"duration":1,"failureDetails":[],"failureMessages":[],"fullName":"Hotelbeds live availability verification harness rejects invalid hotel-code list 26976,not-a-code","invocations":1,"location":null,"numPassingAsserts":1,"retryReasons":[],"status":"passed","title":"rejects invalid hotel-code list 26976,not-a-code"},{"ancestorTitles":["Hotelbeds live availability verification harness"],"duration":1,"failureDetails":[],"failureMessages":[],"fullName":"Hotelbeds live availability verification harness rejects invalid hotel-code list ","invocations":1,"location":null,"numPassingAsserts":1,"retryReasons":[],"status":"passed","title":"rejects invalid hotel-code list "},{"ancestorTitles":["Hotelbeds live availability verification harness"],"duration":1,"failureDetails":[],"failureMessages":[],"fullName":"Hotelbeds live availability verification harness places all configured hotel codes into application criteria","invocations":1,"location":null,"numPassingAsserts":1,"retryReasons":[],"status":"passed","title":"places all configured hotel codes into application criteria"},{"ancestorTitles":["Hotelbeds live availability verification harness"],"duration":2,"failureDetails":[],"failureMessages":[],"fullName":"Hotelbeds live availability verification harness uses the real in-memory catalogue and R7 composition","invocations":1,"location":null,"numPassingAsserts":1,"retryReasons":[],"status":"passed","title":"uses the real in-memory catalogue and R7 composition"},{"ancestorTitles":["Hotelbeds live availability verification harness"],"duration":6,"failureDetails":[],"failureMessages":[],"fullName":"Hotelbeds live availability verification harness resolves the configured catalogue candidate before request validation","invocations":1,"location":null,"numPassingAsserts":2,"retryReasons":[],"status":"passed","title":"resolves the configured catalogue candidate before request validation"},{"ancestorTitles":["Hotelbeds live availability verification harness"],"duration":1,"failureDetails":[],"failureMessages":[],"fullName":"Hotelbeds live availability verification harness builds one R3 request for five resolved candidates without supplier access","invocations":1,"location":null,"numPassingAsserts":4,"retryReasons":[],"status":"passed","title":"builds one R3 request for five resolved candidates without supplier access"},{"ancestorTitles":["Hotelbeds live availability verification harness"],"duration":10,"failureDetails":[],"failureMessages":[],"fullName":"Hotelbeds live availability verification harness binds the effective PEM environment into the actual provider executor","invocations":1,"location":null,"numPassingAsserts":3,"retryReasons":[],"status":"passed","title":"binds the effective PEM environment into the actual provider executor"},{"ancestorTitles":["Hotelbeds live availability verification harness"],"duration":0,"failureDetails":[],"failureMessages":[],"fullName":"Hotelbeds live availability verification harness resolves all configured catalogue candidates and reports one R3 request","invocations":1,"location":null,"numPassingAsserts":1,"retryReasons":[],"status":"passed","title":"resolves all configured catalogue candidates and reports one R3 request"},{"ancestorTitles":["Hotelbeds live availability verification harness"],"duration":0,"failureDetails":[],"failureMessages":[],"fullName":"Hotelbeds live availability verification harness does not expose credential values in validation errors","invocations":1,"location":null,"numPassingAsserts":2,"retryReasons":[],"status":"passed","title":"does not expose credential values in validation errors"},{"ancestorTitles":["Hotelbeds live availability verification harness"],"duration":0,"failureDetails":[],"failureMessages":[],"fullName":"Hotelbeds live availability verification harness does not execute the harness during module import","invocations":1,"location":null,"numPassingAsserts":1,"retryReasons":[],"status":"passed","title":"does not execute the harness during module import"},{"ancestorTitles":["Hotelbeds live availability verification harness"],"duration":1,"failureDetails":[],"failureMessages":[],"fullName":"Hotelbeds live availability verification harness loads TLS PEM contents from project-root-relative paths without exposing them","invocations":1,"location":null,"numPassingAsserts":5,"retryReasons":[],"status":"passed","title":"loads TLS PEM contents from project-root-relative paths without exposing them"},{"ancestorTitles":["Hotelbeds live availability verification harness"],"duration":0,"failureDetails":[],"failureMessages":[],"fullName":"Hotelbeds live availability verification harness accepts absolute TLS paths and optional CA files","invocations":1,"location":null,"numPassingAsserts":1,"retryReasons":[],"status":"passed","title":"accepts absolute TLS paths and optional CA files"},{"ancestorTitles":["Hotelbeds live availability verification harness"],"duration":0,"failureDetails":[],"failureMessages":[],"fullName":"Hotelbeds live availability verification harness fails safely for a missing TLS file","invocations":1,"location":null,"numPassingAsserts":1,"retryReasons":[],"status":"passed","title":"fails safely for a missing TLS file"},{"ancestorTitles":["Hotelbeds live availability verification harness"],"duration":0,"failureDetails":[],"failureMessages":[],"fullName":"Hotelbeds live availability verification harness preserves externally supplied environment values when loading dotenv","invocations":1,"location":null,"numPassingAsserts":1,"retryReasons":[],"status":"passed","title":"preserves externally supplied environment values when loading dotenv"},{"ancestorTitles":["Hotelbeds live availability verification harness"],"duration":1,"failureDetails":[],"failureMessages":[],"fullName":"Hotelbeds live availability verification harness preserves an explicitly empty live flag over dotenv","invocations":1,"location":null,"numPassingAsserts":2,"retryReasons":[],"status":"passed","title":"preserves an explicitly empty live flag over dotenv"}],"endTime":1787411278264,"message":"","name":"D:\\DEVELOPMENT\\gct-core\\src\\scripts\\hotelbeds\\availability-live-verification.test.ts","startTime":1787411278034,"status":"passed","summary":""},{"assertionResults":[{"ancestorTitles":["APP-008.7 accommodation booking modification"],"duration":12,"failureDetails":[],"failureMessages":[],"fullName":"APP-008.7 accommodation booking modification rejects cancelled and unknown bookings before supplier execution","invocations":1,"location":null,"numPassingAsserts":3,"retryReasons":[],"status":"passed","title":"rejects cancelled and unknown bookings before supplier execution"},{"ancestorTitles":["APP-008.7 accommodation booking modification"],"duration":1,"failureDetails":[],"failureMessages":[],"fullName":"APP-008.7 accommodation booking modification returns UNSUPPORTED without supplier execution","invocations":1,"location":null,"numPassingAsserts":1,"retryReasons":[],"status":"passed","title":"returns UNSUPPORTED without supplier execution"},{"ancestorTitles":["APP-008.7 accommodation booking modification"],"duration":1,"failureDetails":[],"failureMessages":[],"fullName":"APP-008.7 accommodation booking modification maps multi-room changes, holder, price and modification charge","invocations":1,"location":null,"numPassingAsserts":4,"retryReasons":[],"status":"passed","title":"maps multi-room changes, holder, price and modification charge"},{"ancestorTitles":["APP-008.7 accommodation booking modification"],"duration":1,"failureDetails":[],"failureMessages":[],"fullName":"APP-008.7 accommodation booking modification maps transport uncertainty to UNKNOWN without retrying","invocations":1,"location":null,"numPassingAsserts":2,"retryReasons":[],"status":"passed","title":"maps transport uncertainty to UNKNOWN without retrying"},{"ancestorTitles":["APP-008.7 accommodation booking modification"],"duration":0,"failureDetails":[],"failureMessages":[],"fullName":"APP-008.7 accommodation booking modification advertises modification as a provider capability","invocations":1,"location":null,"numPassingAsserts":1,"retryReasons":[],"status":"passed","title":"advertises modification as a provider capability"}],"endTime":1787411278443,"message":"","name":"D:\\DEVELOPMENT\\gct-core\\src\\application\\accommodation\\modification\\accommodation-booking-modification.test.ts","startTime":1787411278271,"status":"passed","summary":""},{"assertionResults":[{"ancestorTitles":["InvoiceEngine"],"duration":2,"failureDetails":[],"failureMessages":[],"fullName":"InvoiceEngine rejects unsuccessful validation","invocations":1,"location":null,"numPassingAsserts":3,"retryReasons":[],"status":"passed","title":"rejects unsuccessful validation"},{"ancestorTitles":["InvoiceEngine"],"duration":1,"failureDetails":[],"failureMessages":[],"fullName":"InvoiceEngine rejects denied policy","invocations":1,"location":null,"numPassingAsserts":3,"retryReasons":[],"status":"passed","title":"rejects denied policy"},{"ancestorTitles":["InvoiceEngine"],"duration":0,"failureDetails":[],"failureMessages":[],"fullName":"InvoiceEngine returns pending action outcome when policy requires action","invocations":1,"location":null,"numPassingAsserts":3,"retryReasons":[],"status":"passed","title":"returns pending action outcome when policy requires action"},{"ancestorTitles":["InvoiceEngine"],"duration":0,"failureDetails":[],"failureMessages":[],"fullName":"InvoiceEngine executes create operation with defaults","invocations":1,"location":null,"numPassingAsserts":4,"retryReasons":[],"status":"passed","title":"executes create operation with defaults"},{"ancestorTitles":["InvoiceEngine"],"duration":0,"failureDetails":[],"failureMessages":[],"fullName":"InvoiceEngine executes issue operation","invocations":1,"location":null,"numPassingAsserts":2,"retryReasons":[],"status":"passed","title":"executes issue operation"},{"ancestorTitles":["InvoiceEngine"],"duration":2,"failureDetails":[],"failureMessages":[],"fullName":"InvoiceEngine applies payment allocation and computes partial payment state","invocations":1,"location":null,"numPassingAsserts":5,"retryReasons":[],"status":"passed","title":"applies payment allocation and computes partial payment state"},{"ancestorTitles":["InvoiceEngine"],"duration":1,"failureDetails":[],"failureMessages":[],"fullName":"InvoiceEngine applies payment allocation and computes full payment state","invocations":1,"location":null,"numPassingAsserts":4,"retryReasons":[],"status":"passed","title":"applies payment allocation and computes full payment state"},{"ancestorTitles":["InvoiceEngine"],"duration":1,"failureDetails":[],"failureMessages":[],"fullName":"InvoiceEngine rejects invalid payment amount and currency mismatch","invocations":1,"location":null,"numPassingAsserts":4,"retryReasons":[],"status":"passed","title":"rejects invalid payment amount and currency mismatch"},{"ancestorTitles":["InvoiceEngine"],"duration":1,"failureDetails":[],"failureMessages":[],"fullName":"InvoiceEngine executes cancellation with snapshot, adjustment, refundable and preserved payments","invocations":1,"location":null,"numPassingAsserts":6,"retryReasons":[],"status":"passed","title":"executes cancellation with snapshot, adjustment, refundable and preserved payments"},{"ancestorTitles":["InvoiceEngine"],"duration":1,"failureDetails":[],"failureMessages":[],"fullName":"InvoiceEngine executes void while preserving financial history","invocations":1,"location":null,"numPassingAsserts":4,"retryReasons":[],"status":"passed","title":"executes void while preserving financial history"},{"ancestorTitles":["InvoiceEngine"],"duration":1,"failureDetails":[],"failureMessages":[],"fullName":"InvoiceEngine supports invoice-side refund consequences without external execution","invocations":1,"location":null,"numPassingAsserts":4,"retryReasons":[],"status":"passed","title":"supports invoice-side refund consequences without external execution"},{"ancestorTitles":["InvoiceEngine"],"duration":1,"failureDetails":[],"failureMessages":[],"fullName":"InvoiceEngine returns immutable result contracts","invocations":1,"location":null,"numPassingAsserts":5,"retryReasons":[],"status":"passed","title":"returns immutable result contracts"},{"ancestorTitles":["InvoiceEngine"],"duration":0,"failureDetails":[],"failureMessages":[],"fullName":"InvoiceEngine returns invalid operation when handler is unavailable","invocations":1,"location":null,"numPassingAsserts":2,"retryReasons":[],"status":"passed","title":"returns invalid operation when handler is unavailable"},{"ancestorTitles":["InvoiceEngine"],"duration":0,"failureDetails":[],"failureMessages":[],"fullName":"InvoiceEngine supports handler injection for operation orchestration tests","invocations":1,"location":null,"numPassingAsserts":2,"retryReasons":[],"status":"passed","title":"supports handler injection for operation orchestration tests"},{"ancestorTitles":["InvoiceEngine"],"duration":1,"failureDetails":[],"failureMessages":[],"fullName":"InvoiceEngine protects result metadata date with defensive copy","invocations":1,"location":null,"numPassingAsserts":1,"retryReasons":[],"status":"passed","title":"protects result metadata date with defensive copy"},{"ancestorTitles":["InvoiceEngine"],"duration":0,"failureDetails":[],"failureMessages":[],"fullName":"InvoiceEngine policy context factory remains consumable by engine contracts","invocations":1,"location":null,"numPassingAsserts":1,"retryReasons":[],"status":"passed","title":"policy context factory remains consumable by engine contracts"}],"endTime":1787411278560,"message":"","name":"D:\\DEVELOPMENT\\gct-core\\src\\application\\invoices\\invoice-engine.test.ts","startTime":1787411278465,"status":"passed","summary":""},{"assertionResults":[{"ancestorTitles":["Hotelbeds availability response mapper"],"duration":2,"failureDetails":[],"failureMessages":[],"fullName":"Hotelbeds availability response mapper maps the verified nested Hotelbeds hotels envelope and preserves hotel ordering","invocations":1,"location":null,"numPassingAsserts":7,"retryReasons":[],"status":"passed","title":"maps the verified nested Hotelbeds hotels envelope and preserves hotel ordering"},{"ancestorTitles":["Hotelbeds availability response mapper"],"duration":0,"failureDetails":[],"failureMessages":[],"fullName":"Hotelbeds availability response mapper maps the verified zero-result envelope without fabricating an accommodation","invocations":1,"location":null,"numPassingAsserts":1,"retryReasons":[],"status":"passed","title":"maps the verified zero-result envelope without fabricating an accommodation"},{"ancestorTitles":["Hotelbeds availability response mapper"],"duration":15,"failureDetails":[],"failureMessages":[],"fullName":"Hotelbeds availability response mapper rejects a nested response with an empty hotel collection without total zero","invocations":1,"location":null,"numPassingAsserts":1,"retryReasons":[],"status":"passed","title":"rejects a nested response with an empty hotel collection without total zero"},{"ancestorTitles":["Hotelbeds availability response mapper"],"duration":1,"failureDetails":[],"failureMessages":[],"fullName":"Hotelbeds availability response mapper maps a valid successful Hotelbeds response to the canonical availability result","invocations":1,"location":null,"numPassingAsserts":6,"retryReasons":[],"status":"passed","title":"maps a valid successful Hotelbeds response to the canonical availability result"},{"ancestorTitles":["Hotelbeds availability response mapper"],"duration":0,"failureDetails":[],"failureMessages":[],"fullName":"Hotelbeds availability response mapper maps a valid successful response with no qualifying availability to unavailable","invocations":1,"location":null,"numPassingAsserts":3,"retryReasons":[],"status":"passed","title":"maps a valid successful response with no qualifying availability to unavailable"},{"ancestorTitles":["Hotelbeds availability response mapper"],"duration":0,"failureDetails":[],"failureMessages":[],"fullName":"Hotelbeds availability response mapper aggregates multi-batch responses and resolves to available when any batch qualifies","invocations":1,"location":null,"numPassingAsserts":2,"retryReasons":[],"status":"passed","title":"aggregates multi-batch responses and resolves to available when any batch qualifies"},{"ancestorTitles":["Hotelbeds availability response mapper"],"duration":1,"failureDetails":[],"failureMessages":[],"fullName":"Hotelbeds availability response mapper preserves RECHECK status and offered child occupancy","invocations":1,"location":null,"numPassingAsserts":5,"retryReasons":[],"status":"passed","title":"preserves RECHECK status and offered child occupancy"},{"ancestorTitles":["Hotelbeds availability response mapper"],"duration":1,"failureDetails":[],"failureMessages":[],"fullName":"Hotelbeds availability response mapper preserves supplier, HTTP, and transport failures as failures instead of false availability","invocations":1,"location":null,"numPassingAsserts":3,"retryReasons":[],"status":"passed","title":"preserves supplier, HTTP, and transport failures as failures instead of false availability"},{"ancestorTitles":["Hotelbeds availability response mapper"],"duration":0,"failureDetails":[],"failureMessages":[],"fullName":"Hotelbeds availability response mapper throws on malformed supplier payloads instead of silently converting them to unavailable","invocations":1,"location":null,"numPassingAsserts":1,"retryReasons":[],"status":"passed","title":"throws on malformed supplier payloads instead of silently converting them to unavailable"}],"endTime":1787411278749,"message":"","name":"D:\\DEVELOPMENT\\gct-core\\src\\application\\accommodation\\providers\\hotelbeds\\hotelbeds-availability-response-mapper.test.ts","startTime":1787411278563,"status":"passed","summary":""},{"assertionResults":[{"ancestorTitles":["CreateReservationService persistence context"],"duration":2,"failureDetails":[],"failureMessages":[],"fullName":"CreateReservationService persistence context passes explicit customer and booking dates to reservation persistence","invocations":1,"location":null,"numPassingAsserts":3,"retryReasons":[],"status":"passed","title":"passes explicit customer and booking dates to reservation persistence"},{"ancestorTitles":["CreateReservationService persistence context"],"duration":8,"failureDetails":[],"failureMessages":[],"fullName":"CreateReservationService persistence context rejects missing customer context before persistence","invocations":1,"location":null,"numPassingAsserts":2,"retryReasons":[],"status":"passed","title":"rejects missing customer context before persistence"},{"ancestorTitles":["CreateReservationService persistence context"],"duration":1,"failureDetails":[],"failureMessages":[],"fullName":"CreateReservationService persistence context rejects invalid booking dates before persistence","invocations":1,"location":null,"numPassingAsserts":2,"retryReasons":[],"status":"passed","title":"rejects invalid booking dates before persistence"}],"endTime":1787411278910,"message":"","name":"D:\\DEVELOPMENT\\gct-core\\src\\application\\services\\reservation\\create-reservation.service.test.ts","startTime":1787411278754,"status":"passed","summary":""},{"assertionResults":[{"ancestorTitles":["JourneyFactory"],"duration":1,"failureDetails":[],"failureMessages":[],"fullName":"JourneyFactory constructs a journey aggregate with immutable collections","invocations":1,"location":null,"numPassingAsserts":11,"retryReasons":[],"status":"passed","title":"constructs a journey aggregate with immutable collections"},{"ancestorTitles":["JourneyFactory"],"duration":14,"failureDetails":[],"failureMessages":[],"fullName":"JourneyFactory enforces required destination and request invariants","invocations":1,"location":null,"numPassingAsserts":1,"retryReasons":[],"status":"passed","title":"enforces required destination and request invariants"},{"ancestorTitles":["JourneyCompositionService"],"duration":1,"failureDetails":[],"failureMessages":[],"fullName":"JourneyCompositionService orchestrates validation, policy, adapters, and factory in order","invocations":1,"location":null,"numPassingAsserts":3,"retryReasons":[],"status":"passed","title":"orchestrates validation, policy, adapters, and factory in order"},{"ancestorTitles":["JourneyCompositionService"],"duration":1,"failureDetails":[],"failureMessages":[],"fullName":"JourneyCompositionService returns unsuccessful result for validation failures","invocations":1,"location":null,"numPassingAsserts":3,"retryReasons":[],"status":"passed","title":"returns unsuccessful result for validation failures"},{"ancestorTitles":["JourneyCompositionService"],"duration":0,"failureDetails":[],"failureMessages":[],"fullName":"JourneyCompositionService returns unsuccessful result for critical policy denial","invocations":1,"location":null,"numPassingAsserts":2,"retryReasons":[],"status":"passed","title":"returns unsuccessful result for critical policy denial"},{"ancestorTitles":["JourneyCompositionService"],"duration":0,"failureDetails":[],"failureMessages":[],"fullName":"JourneyCompositionService isolates adapter failures where possible and still composes","invocations":1,"location":null,"numPassingAsserts":4,"retryReasons":[],"status":"passed","title":"isolates adapter failures where possible and still composes"},{"ancestorTitles":["JourneyCompositionService"],"duration":1,"failureDetails":[],"failureMessages":[],"fullName":"JourneyCompositionService supports dependency injection with compile-safe contracts","invocations":1,"location":null,"numPassingAsserts":2,"retryReasons":[],"status":"passed","title":"supports dependency injection with compile-safe contracts"}],"endTime":1787411279134,"message":"","name":"D:\\DEVELOPMENT\\gct-core\\src\\application\\journeys\\composition\\journey-composition.test.ts","startTime":1787411278929,"status":"passed","summary":""},{"assertionResults":[{"ancestorTitles":["HomepageJourneyShowcaseService"],"duration":1,"failureDetails":[],"failureMessages":[],"fullName":"HomepageJourneyShowcaseService invokes journey composition, presentation mapping, and view model provider","invocations":1,"location":null,"numPassingAsserts":5,"retryReasons":[],"status":"passed","title":"invokes journey composition, presentation mapping, and view model provider"},{"ancestorTitles":["HomepageJourneyShowcaseService"],"duration":0,"failureDetails":[],"failureMessages":[],"fullName":"HomepageJourneyShowcaseService handles empty showcase results when composition produces no successful journeys","invocations":1,"location":null,"numPassingAsserts":4,"retryReasons":[],"status":"passed","title":"handles empty showcase results when composition produces no successful journeys"},{"ancestorTitles":["HomepageJourneyShowcaseService"],"duration":1,"failureDetails":[],"failureMessages":[],"fullName":"HomepageJourneyShowcaseService supports compile-safe default integration","invocations":1,"location":null,"numPassingAsserts":2,"retryReasons":[],"status":"passed","title":"supports compile-safe default integration"}],"endTime":1787411279324,"message":"","name":"D:\\DEVELOPMENT\\gct-core\\src\\application\\merchandising\\homepage\\showcase\\homepage-journey-showcase.test.ts","startTime":1787411279138,"status":"passed","summary":""},{"assertionResults":[{"ancestorTitles":["ProviderRegistry behavior"],"duration":1,"failureDetails":[],"failureMessages":[],"fullName":"ProviderRegistry behavior registers and resolves providers by identifier","invocations":1,"location":null,"numPassingAsserts":1,"retryReasons":[],"status":"passed","title":"registers and resolves providers by identifier"},{"ancestorTitles":["ProviderRegistry behavior"],"duration":14,"failureDetails":[],"failureMessages":[],"fullName":"ProviderRegistry behavior rejects duplicate provider registrations","invocations":1,"location":null,"numPassingAsserts":1,"retryReasons":[],"status":"passed","title":"rejects duplicate provider registrations"},{"ancestorTitles":["ProviderRegistry behavior"],"duration":1,"failureDetails":[],"failureMessages":[],"fullName":"ProviderRegistry behavior unregisters known providers and ignores unknown providers","invocations":1,"location":null,"numPassingAsserts":1,"retryReasons":[],"status":"passed","title":"unregisters known providers and ignores unknown providers"},{"ancestorTitles":["ProviderRegistry behavior"],"duration":0,"failureDetails":[],"failureMessages":[],"fullName":"ProviderRegistry behavior resolves all providers as an immutable view","invocations":1,"location":null,"numPassingAsserts":2,"retryReasons":[],"status":"passed","title":"resolves all providers as an immutable view"},{"ancestorTitles":["ProviderRegistry behavior"],"duration":0,"failureDetails":[],"failureMessages":[],"fullName":"ProviderRegistry behavior supports placeholder capability discovery","invocations":1,"location":null,"numPassingAsserts":3,"retryReasons":[],"status":"passed","title":"supports placeholder capability discovery"},{"ancestorTitles":["ProviderRegistry behavior"],"duration":0,"failureDetails":[],"failureMessages":[],"fullName":"ProviderRegistry behavior finds providers by capability type","invocations":1,"location":null,"numPassingAsserts":2,"retryReasons":[],"status":"passed","title":"finds providers by capability type"},{"ancestorTitles":["ProviderRegistry behavior"],"duration":0,"failureDetails":[],"failureMessages":[],"fullName":"ProviderRegistry behavior resolves provider capability set and features","invocations":1,"location":null,"numPassingAsserts":3,"retryReasons":[],"status":"passed","title":"resolves provider capability set and features"},{"ancestorTitles":["ProviderRegistry behavior"],"duration":1,"failureDetails":[],"failureMessages":[],"fullName":"ProviderRegistry behavior compiles registry contracts through namespace exports","invocations":1,"location":null,"numPassingAsserts":1,"retryReasons":[],"status":"passed","title":"compiles registry contracts through namespace exports"}],"endTime":1787411279555,"message":"","name":"D:\\DEVELOPMENT\\gct-core\\src\\application\\accommodation\\registry\\provider-registry.test.ts","startTime":1787411279327,"status":"passed","summary":""},{"assertionResults":[{"ancestorTitles":["Canonical accommodation search query model"],"duration":1,"failureDetails":[],"failureMessages":[],"fullName":"Canonical accommodation search query model constructs search query from immutable criteria and context contracts","invocations":1,"location":null,"numPassingAsserts":3,"retryReasons":[],"status":"passed","title":"constructs search query from immutable criteria and context contracts"},{"ancestorTitles":["Canonical accommodation search query model"],"duration":0,"failureDetails":[],"failureMessages":[],"fullName":"Canonical accommodation search query model constructs search context using canonical search source enum","invocations":1,"location":null,"numPassingAsserts":3,"retryReasons":[],"status":"passed","title":"constructs search context using canonical search source enum"},{"ancestorTitles":["Canonical accommodation search query model"],"duration":1,"failureDetails":[],"failureMessages":[],"fullName":"Canonical accommodation search query model allows discovery engine to accept the canonical query object","invocations":1,"location":null,"numPassingAsserts":1,"retryReasons":[],"status":"passed","title":"allows discovery engine to accept the canonical query object"}],"endTime":1787411279744,"message":"","name":"D:\\DEVELOPMENT\\gct-core\\src\\application\\accommodation\\accommodation-search-query.test.ts","startTime":1787411279582,"status":"passed","summary":""},{"assertionResults":[{"ancestorTitles":["AccommodationQueryValidator"],"duration":1,"failureDetails":[],"failureMessages":[],"fullName":"AccommodationQueryValidator returns a frozen valid result for a canonical query","invocations":1,"location":null,"numPassingAsserts":4,"retryReasons":[],"status":"passed","title":"returns a frozen valid result for a canonical query"},{"ancestorTitles":["AccommodationQueryValidator"],"duration":0,"failureDetails":[],"failureMessages":[],"fullName":"AccommodationQueryValidator returns missing destination","invocations":1,"location":null,"numPassingAsserts":3,"retryReasons":[],"status":"passed","title":"returns missing destination"},{"ancestorTitles":["AccommodationQueryValidator"],"duration":1,"failureDetails":[],"failureMessages":[],"fullName":"AccommodationQueryValidator returns missing check-in","invocations":1,"location":null,"numPassingAsserts":3,"retryReasons":[],"status":"passed","title":"returns missing check-in"},{"ancestorTitles":["AccommodationQueryValidator"],"duration":0,"failureDetails":[],"failureMessages":[],"fullName":"AccommodationQueryValidator returns missing check-out","invocations":1,"location":null,"numPassingAsserts":3,"retryReasons":[],"status":"passed","title":"returns missing check-out"},{"ancestorTitles":["AccommodationQueryValidator"],"duration":0,"failureDetails":[],"failureMessages":[],"fullName":"AccommodationQueryValidator returns invalid date range","invocations":1,"location":null,"numPassingAsserts":3,"retryReasons":[],"status":"passed","title":"returns invalid date range"},{"ancestorTitles":["AccommodationQueryValidator"],"duration":0,"failureDetails":[],"failureMessages":[],"fullName":"AccommodationQueryValidator returns invalid adult count","invocations":1,"location":null,"numPassingAsserts":3,"retryReasons":[],"status":"passed","title":"returns invalid adult count"},{"ancestorTitles":["AccommodationQueryValidator"],"duration":0,"failureDetails":[],"failureMessages":[],"fullName":"AccommodationQueryValidator returns invalid child count","invocations":1,"location":null,"numPassingAsserts":3,"retryReasons":[],"status":"passed","title":"returns invalid child count"},{"ancestorTitles":["AccommodationQueryValidator"],"duration":0,"failureDetails":[],"failureMessages":[],"fullName":"AccommodationQueryValidator returns invalid room count","invocations":1,"location":null,"numPassingAsserts":3,"retryReasons":[],"status":"passed","title":"returns invalid room count"},{"ancestorTitles":["AccommodationQueryValidator"],"duration":0,"failureDetails":[],"failureMessages":[],"fullName":"AccommodationQueryValidator returns missing requestId","invocations":1,"location":null,"numPassingAsserts":3,
[...]
":[],"failureMessages":[],"fullName":"ReservationBuilder returns a failed build when policy denies construction","invocations":1,"location":null,"numPassingAsserts":3,"retryReasons":[],"status":"passed","title":"returns a failed build when policy denies construction"},{"ancestorTitles":["ReservationBuilder"],"duration":0,"failureDetails":[],"failureMessages":[],"fullName":"ReservationBuilder returns a failed build when aggregate validation fails","invocations":1,"location":null,"numPassingAsserts":3,"retryReasons":[],"status":"passed","title":"returns a failed build when aggregate validation fails"},{"ancestorTitles":["ReservationBuilder"],"duration":1,"failureDetails":[],"failureMessages":[],"fullName":"ReservationBuilder returns immutable build results","invocations":1,"location":null,"numPassingAsserts":4,"retryReasons":[],"status":"passed","title":"returns immutable build results"}],"endTime":1787411286810,"message":"","name":"D:\\DEVELOPMENT\\gct-core\\src\\application\\reservations\\builder\\reservation-builder.test.ts","startTime":1787411286750,"status":"passed","summary":""},{"assertionResults":[{"ancestorTitles":["Reservation validation pipeline"],"duration":2,"failureDetails":[],"failureMessages":[],"fullName":"Reservation validation pipeline validates query, snapshot and commercial integrity in order","invocations":1,"location":null,"numPassingAsserts":2,"retryReasons":[],"status":"passed","title":"validates query, snapshot and commercial integrity in order"},{"ancestorTitles":["Reservation validation pipeline"],"duration":1,"failureDetails":[],"failureMessages":[],"fullName":"Reservation validation pipeline returns query validation failures without executing later validators","invocations":1,"location":null,"numPassingAsserts":2,"retryReasons":[],"status":"passed","title":"returns query validation failures without executing later validators"},{"ancestorTitles":["Reservation validation pipeline"],"duration":1,"failureDetails":[],"failureMessages":[],"fullName":"Reservation validation pipeline validates query, snapshot and commercial rules with concrete validators","invocations":1,"location":null,"numPassingAsserts":2,"retryReasons":[],"status":"passed","title":"validates query, snapshot and commercial rules with concrete validators"}],"endTime":1787411286872,"message":"","name":"D:\\DEVELOPMENT\\gct-core\\src\\application\\reservations\\validation\\reservation-validation.test.ts","startTime":1787411286814,"status":"passed","summary":""},{"assertionResults":[{"ancestorTitles":["BookingGateway"],"duration":1,"failureDetails":[],"failureMessages":[],"fullName":"BookingGateway supports compile-safe provider-independent contract","invocations":1,"location":null,"numPassingAsserts":1,"retryReasons":[],"status":"passed","title":"supports compile-safe provider-independent contract"},{"ancestorTitles":["BookingIntegrationOrchestrator"],"duration":1,"failureDetails":[],"failureMessages":[],"fullName":"BookingIntegrationOrchestrator invokes create booking gateway operation","invocations":1,"location":null,"numPassingAsserts":1,"retryReasons":[],"status":"passed","title":"invokes create booking gateway operation"},{"ancestorTitles":["BookingIntegrationOrchestrator"],"duration":1,"failureDetails":[],"failureMessages":[],"fullName":"BookingIntegrationOrchestrator returns successful booking integration result","invocations":1,"location":null,"numPassingAsserts":5,"retryReasons":[],"status":"passed","title":"returns successful booking integration result"},{"ancestorTitles":["BookingIntegrationOrchestrator"],"duration":0,"failureDetails":[],"failureMessages":[],"fullName":"BookingIntegrationOrchestrator returns failed booking integration result for business failure","invocations":1,"location":null,"numPassingAsserts":3,"retryReasons":[],"status":"passed","title":"returns failed booking integration result for business failure"},{"ancestorTitles":["BookingIntegrationOrchestrator"],"duration":0,"failureDetails":[],"failureMessages":[],"fullName":"BookingIntegrationOrchestrator uses constructor-injected gateway and provides immutable result","invocations":1,"location":null,"numPassingAsserts":9,"retryReasons":[],"status":"passed","title":"uses constructor-injected gateway and provides immutable result"}],"endTime":1787411286931,"message":"","name":"D:\\DEVELOPMENT\\gct-core\\src\\application\\reservations\\integration\\booking-integration.test.ts","startTime":1787411286876,"status":"passed","summary":""},{"assertionResults":[{"ancestorTitles":["Journey aggregate"],"duration":1,"failureDetails":[],"failureMessages":[],"fullName":"Journey aggregate constructs an immutable canonical journey aggregate","invocations":1,"location":null,"numPassingAsserts":7,"retryReasons":[],"status":"passed","title":"constructs an immutable canonical journey aggregate"},{"ancestorTitles":["Journey aggregate"],"duration":1,"failureDetails":[],"failureMessages":[],"fullName":"Journey aggregate freezes collections and nested value contracts","invocations":1,"location":null,"numPassingAsserts":9,"retryReasons":[],"status":"passed","title":"freezes collections and nested value contracts"},{"ancestorTitles":["Journey aggregate"],"duration":0,"failureDetails":[],"failureMessages":[],"fullName":"Journey aggregate supports restore for canonical composition snapshots","invocations":1,"location":null,"numPassingAsserts":2,"retryReasons":[],"status":"passed","title":"supports restore for canonical composition snapshots"}],"endTime":1787411286996,"message":"","name":"D:\\DEVELOPMENT\\gct-core\\src\\application\\journeys\\aggregate\\journey.test.ts","startTime":1787411286936,"status":"passed","summary":""},{"assertionResults":[{"ancestorTitles":["Hotelbeds content synchronization configuration"],"duration":3,"failureDetails":[],"failureMessages":[],"fullName":"Hotelbeds content synchronization configuration uses safe defaults","invocations":1,"location":null,"numPassingAsserts":4,"retryReasons":[],"status":"passed","title":"uses safe defaults"},{"ancestorTitles":["Hotelbeds content synchronization configuration"],"duration":0,"failureDetails":[],"failureMessages":[],"fullName":"Hotelbeds content synchronization configuration reads content settings from the environment","invocations":1,"location":null,"numPassingAsserts":1,"retryReasons":[],"status":"passed","title":"reads content settings from the environment"}],"endTime":1787411287070,"message":"","name":"D:\\DEVELOPMENT\\gct-core\\src\\application\\accommodation\\providers\\hotelbeds\\hotelbeds-content-config.test.ts","startTime":1787411287010,"status":"passed","summary":""},{"assertionResults":[{"ancestorTitles":["ExperienceCompositionFramework"],"duration":1,"failureDetails":[],"failureMessages":[],"fullName":"ExperienceCompositionFramework constructs and composes immutable journey experiences","invocations":1,"location":null,"numPassingAsserts":3,"retryReasons":[],"status":"passed","title":"constructs and composes immutable journey experiences"},{"ancestorTitles":["ExperienceCompositionFramework"],"duration":1,"failureDetails":[],"failureMessages":[],"fullName":"ExperienceCompositionFramework returns empty immutable results with default provider","invocations":1,"location":null,"numPassingAsserts":2,"retryReasons":[],"status":"passed","title":"returns empty immutable results with default provider"},{"ancestorTitles":["ExperienceCompositionFramework"],"duration":0,"failureDetails":[],"failureMessages":[],"fullName":"ExperienceCompositionFramework creates immutable context and sequence models","invocations":1,"location":null,"numPassingAsserts":7,"retryReasons":[],"status":"passed","title":"creates immutable context and sequence models"},{"ancestorTitles":["ExperienceCompositionFramework"],"duration":0,"failureDetails":[],"failureMessages":[],"fullName":"ExperienceCompositionFramework exposes compile-safe enums and contracts","invocations":1,"location":null,"numPassingAsserts":4,"retryReasons":[],"status":"passed","title":"exposes compile-safe enums and contracts"}],"endTime":1787411287133,"message":"","name":"D:\\DEVELOPMENT\\gct-core\\src\\application\\journeys\\composition\\experiences\\experience-composition.test.ts","startTime":1787411287073,"status":"passed","summary":""},{"assertionResults":[{"ancestorTitles":["Journey canonical model library"],"duration":1,"failureDetails":[],"failureMessages":[],"fullName":"Journey canonical model library constructs canonical identity and classification contracts","invocations":1,"location":null,"numPassingAsserts":8,"retryReasons":[],"status":"passed","title":"constructs canonical identity and classification contracts"},{"ancestorTitles":["Journey canonical model library"],"duration":0,"failureDetails":[],"failureMessages":[],"fullName":"Journey canonical model library constructs lifecycle and temporal contracts","invocations":1,"location":null,"numPassingAsserts":5,"retryReasons":[],"status":"passed","title":"constructs lifecycle and temporal contracts"},{"ancestorTitles":["Journey canonical model library"],"duration":1,"failureDetails":[],"failureMessages":[],"fullName":"Journey canonical model library constructs experience and marketing contracts","invocations":1,"location":null,"numPassingAsserts":3,"retryReasons":[],"status":"passed","title":"constructs experience and marketing contracts"}],"endTime":1787411287192,"message":"","name":"D:\\DEVELOPMENT\\gct-core\\src\\application\\journeys\\models\\journeys-models.test.ts","startTime":1787411287138,"status":"passed","summary":""},{"assertionResults":[{"ancestorTitles":["canonical reservation number generator"],"duration":1,"failureDetails":[],"failureMessages":[],"fullName":"canonical reservation number generator uses the established RES-timestamp-token convention","invocations":1,"location":null,"numPassingAsserts":1,"retryReasons":[],"status":"passed","title":"uses the established RES-timestamp-token convention"},{"ancestorTitles":["canonical reservation number generator"],"duration":1,"failureDetails":[],"failureMessages":[],"fullName":"canonical reservation number generator produces a reservation number distinct from technical identity formats","invocations":1,"location":null,"numPassingAsserts":2,"retryReasons":[],"status":"passed","title":"produces a reservation number distinct from technical identity formats"}],"endTime":1787411287244,"message":"","name":"D:\\DEVELOPMENT\\gct-core\\src\\application\\reservations\\service\\reservation-number.generator.test.ts","startTime":1787411287195,"status":"passed","summary":""},{"assertionResults":[{"ancestorTitles":["Reservation snapshot model library"],"duration":1,"failureDetails":[],"failureMessages":[],"fullName":"Reservation snapshot model library constructs snapshot contracts with required versioning fields","invocations":1,"location":null,"numPassingAsserts":2,"retryReasons":[],"status":"passed","title":"constructs snapshot contracts with required versioning fields"},{"ancestorTitles":["Reservation snapshot model library"],"duration":1,"failureDetails":[],"failureMessages":[],"fullName":"Reservation snapshot model library constructs immutable journey and traveller snapshots","invocations":1,"location":null,"numPassingAsserts":2,"retryReasons":[],"status":"passed","title":"constructs immutable journey and traveller snapshots"},{"ancestorTitles":["Reservation snapshot model library"],"duration":1,"failureDetails":[],"failureMessages":[],"fullName":"Reservation snapshot model library constructs accommodation, pricing, payment and supplier contracts","invocations":1,"location":null,"numPassingAsserts":4,"retryReasons":[],"status":"passed","title":"constructs accommodation, pricing, payment and supplier contracts"},{"ancestorTitles":["Reservation snapshot model library"],"duration":1,"failureDetails":[],"failureMessages":[],"fullName":"Reservation snapshot model library constructs timeline and metadata with readonly collection semantics","invocations":1,"location":null,"numPassingAsserts":4,"retryReasons":[],"status":"passed","title":"constructs timeline and metadata with readonly collection semantics"}],"endTime":1787411287302,"message":"","name":"D:\\DEVELOPMENT\\gct-core\\src\\application\\reservations\\models\\reservation-models.test.ts","startTime":1787411287247,"status":"passed","summary":""},{"assertionResults":[{"ancestorTitles":["DefaultHomepageMerchandisingService"],"duration":1,"failureDetails":[],"failureMessages":[],"fullName":"DefaultHomepageMerchandisingService constructs with default placeholder policies","invocations":1,"location":null,"numPassingAsserts":2,"retryReasons":[],"status":"passed","title":"constructs with default placeholder policies"},{"ancestorTitles":["DefaultHomepageMerchandisingService"],"duration":1,"failureDetails":[],"failureMessages":[],"fullName":"DefaultHomepageMerchandisingService supports dependency injection for policy registry","invocations":1,"location":null,"numPassingAsserts":1,"retryReasons":[],"status":"passed","title":"supports dependency injection for policy registry"},{"ancestorTitles":["DefaultHomepageMerchandisingService"],"duration":0,"failureDetails":[],"failureMessages":[],"fullName":"DefaultHomepageMerchandisingService returns stable placeholder merchandising output","invocations":1,"location":null,"numPassingAsserts":10,"retryReasons":[],"status":"passed","title":"returns stable placeholder merchandising output"},{"ancestorTitles":["DefaultHomepageMerchandisingService"],"duration":0,"failureDetails":[],"failureMessages":[],"fullName":"DefaultHomepageMerchandisingService returns new object instances to remain mutation-safe and stateless","invocations":1,"location":null,"numPassingAsserts":7,"retryReasons":[],"status":"passed","title":"returns new object instances to remain mutation-safe and stateless"}],"endTime":1787411287358,"message":"","name":"D:\\DEVELOPMENT\\gct-core\\src\\application\\merchandising\\homepage\\homepage-merchandising.service.test.ts","startTime":1787411287306,"status":"passed","summary":""},{"assertionResults":[{"ancestorTitles":["Canonical accommodation model"],"duration":1,"failureDetails":[],"failureMessages":[],"fullName":"Canonical accommodation model supports aggregate composition using canonical value models","invocations":1,"location":null,"numPassingAsserts":4,"retryReasons":[],"status":"passed","title":"supports aggregate composition using canonical value models"},{"ancestorTitles":["Canonical accommodation model"],"duration":0,"failureDetails":[],"failureMessages":[],"fullName":"Canonical accommodation model compiles namespace exports for canonical accommodation models","invocations":1,"location":null,"numPassingAsserts":1,"retryReasons":[],"status":"passed","title":"compiles namespace exports for canonical accommodation models"}],"endTime":1787411287411,"message":"","name":"D:\\DEVELOPMENT\\gct-core\\src\\application\\accommodation\\models\\accommodation.model.test.ts","startTime":1787411287362,"status":"passed","summary":""},{"assertionResults":[{"ancestorTitles":["ConfigurationService"],"duration":1,"failureDetails":[],"failureMessages":[],"fullName":"ConfigurationService groups configuration values into typed sections and preserves defaults","invocations":1,"location":null,"numPassingAsserts":7,"retryReasons":[],"status":"passed","title":"groups configuration values into typed sections and preserves defaults"},{"ancestorTitles":["ConfigurationService"],"duration":0,"failureDetails":[],"failureMessages":[],"fullName":"ConfigurationService uses default values when environment variables are absent","invocations":1,"location":null,"numPassingAsserts":5,"retryReasons":[],"status":"passed","title":"uses default values when environment variables are absent"},{"ancestorTitles":["ConfigurationService"],"duration":1,"failureDetails":[],"failureMessages":[],"fullName":"ConfigurationService validates and normalises service access through the loader","invocations":1,"location":null,"numPassingAsserts":3,"retryReasons":[],"status":"passed","title":"validates and normalises service access through the loader"}],"endTime":1787411287477,"message":"","name":"D:\\DEVELOPMENT\\gct-core\\src\\config\\configuration.service.test.ts","startTime":1787411287425,"status":"passed","summary":""},{"assertionResults":[{"ancestorTitles":["Hotelbeds provider models"],"duration":1,"failureDetails":[],"failureMessages":[],"fullName":"Hotelbeds provider models constructs supplier-faithful Hotelbeds accommodation structures","invocations":1,"location":null,"numPassingAsserts":5,"retryReasons":[],"status":"passed","title":"constructs supplier-faithful Hotelbeds accommodation structures"},{"ancestorTitles":["Hotelbeds provider models"],"duration":1,"failureDetails":[],"failureMessages":[],"fullName":"Hotelbeds provider models supports generic Hotelbeds API response wrapping","invocations":1,"location":null,"numPassingAsserts":2,"retryReasons":[],"status":"passed","title":"supports generic Hotelbeds API response wrapping"},{"ancestorTitles":["Hotelbeds provider models"],"duration":0,"failureDetails":[],"failureMessages":[],"fullName":"Hotelbeds provider models compiles hotelbeds namespace exports through accommodation barrel","invocations":1,"location":null,"numPassingAsserts":1,"retryReasons":[],"status":"passed","title":"compiles hotelbeds namespace exports through accommodation barrel"}],"endTime":1787411287535,"message":"","name":"D:\\DEVELOPMENT\\gct-core\\src\\application\\accommodation\\providers\\hotelbeds\\hotelbeds-models.test.ts","startTime":1787411287481,"status":"passed","summary":""},{"assertionResults":[{"ancestorTitles":["Accommodation application result contracts"],"duration":1,"failureDetails":[],"failureMessages":[],"fullName":"Accommodation application result contracts constructs search/details/availability/content results using canonical models and metadata","invocations":1,"location":null,"numPassingAsserts":4,"retryReasons":[],"status":"passed","title":"constructs search/details/availability/content results using canonical models and metadata"},{"ancestorTitles":["Accommodation application result contracts"],"duration":1,"failureDetails":[],"failureMessages":[],"fullName":"Accommodation application result contracts constructs image result with canonical image collection and shared metadata","invocations":1,"location":null,"numPassingAsserts":3,"retryReasons":[],"status":"passed","title":"constructs image result with canonical image collection and shared metadata"},{"ancestorTitles":["Accommodation application result contracts"],"duration":0,"failureDetails":[],"failureMessages":[],"fullName":"Accommodation application result contracts compiles namespace exports for accommodation result contracts","invocations":1,"location":null,"numPassingAsserts":1,"retryReasons":[],"status":"passed","title":"compiles namespace exports for accommodation result contracts"}],"endTime":1787411287590,"message":"","name":"D:\\DEVELOPMENT\\gct-core\\src\\application\\accommodation\\accommodation-results.test.ts","startTime":1787411287539,"status":"passed","summary":""},{"assertionResults":[{"ancestorTitles":["generateReservationNumber"],"duration":1,"failureDetails":[],"failureMessages":[],"fullName":"generateReservationNumber reuses the existing RES-timestamp-random convention","invocations":1,"location":null,"numPassingAsserts":1,"retryReasons":[],"status":"passed","title":"reuses the existing RES-timestamp-random convention"},{"ancestorTitles":["generateReservationNumber"],"duration":0,"failureDetails":[],"failureMessages":[],"fullName":"generateReservationNumber is deterministic for injected clocks and random sources","invocations":1,"location":null,"numPassingAsserts":1,"retryReasons":[],"status":"passed","title":"is deterministic for injected clocks and random sources"}],"endTime":1787411287643,"message":"","name":"D:\\DEVELOPMENT\\gct-core\\src\\application\\services\\reservation\\reservation-number.generator.test.ts","startTime":1787411287593,"status":"passed","summary":""}],"wasInterrupted":false}
